  VertexFormat.cpp
  Vec4.cpp
  Vec3.cpp
  Vec2.cpp
  UniformData.cpp
  TextObject.cpp
  StringFuncs.cpp
  SpatialGrid.cpp
  SpatialComponent.cpp
  ShapeGenerator.cpp
  ShaderProgram.cpp
c:\computergraphics\2017q1.computergraphics.justinfurtado\code\enginedemo\engine\shaderprogram.cpp(273): warning C4800: 'const GLboolean': forcing value to bool 'true' or 'false' (performance warning)
  RenderEngine.cpp
  Perspective.cpp
  MyWindow.moc.cpp
  MyWindow.cpp
  MyGL.cpp
  MyFiles.cpp
  MousePicker.cpp
  MouseManager.cpp
  MessageType.cpp
  Generating Code...
  Compiling...
  MathUtility.cpp
  Mat4.cpp
  Mat3.cpp
  Mat2.cpp
  KeyValuePairs.cpp
  KeyValuePair.cpp
  GraphicalObjectComponent.cpp
  GraphicalObject.cpp
  GameTime.cpp
  GameLogger.cpp
  Entity.cpp
  ConfigReader.cpp
  Component.cpp
  CollisionTester.cpp
  ChaseCamera.cpp
  ChaseCameraComponent.cpp
  Camera.cpp
  BufferManager.cpp
  BufferInfo.cpp
  BufferGroup.cpp
  Generating Code...
  Compiling...
  BitmapLoader.cpp
  BinaryWriter.cpp
  Generating Code...
     Creating library C:\ComputerGraphics\2017q1.computergraphics.justinfurtado\Code\EngineDemo\Debug\Engine.lib and object C:\ComputerGraphics\2017q1.computergraphics.justinfurtado\Code\EngineDemo\Debug\Engine.exp
  Engine.vcxproj -> C:\ComputerGraphics\2017q1.computergraphics.justinfurtado\Code\EngineDemo\Debug\Engine.dll
  Engine.vcxproj -> C:\ComputerGraphics\2017q1.computergraphics.justinfurtado\Code\EngineDemo\Debug\Engine.pdb (Partial PDB)
