c:\computergraphics\2017q1.computergraphics.justinfurtado\assignments\lab01_shaderreboot\engine\debug\vc140.pdb
c:\computergraphics\2017q1.computergraphics.justinfurtado\assignments\lab01_shaderreboot\engine\debug\vc140.idb
c:\computergraphics\2017q1.computergraphics.justinfurtado\assignments\lab01_shaderreboot\engine\debug\messagetype.obj
c:\computergraphics\2017q1.computergraphics.justinfurtado\assignments\lab01_shaderreboot\engine\debug\mousemanager.obj
c:\computergraphics\2017q1.computergraphics.justinfurtado\assignments\lab01_shaderreboot\engine\debug\mousepicker.obj
c:\computergraphics\2017q1.computergraphics.justinfurtado\assignments\lab01_shaderreboot\engine\debug\myfiles.obj
c:\computergraphics\2017q1.computergraphics.justinfurtado\assignments\lab01_shaderreboot\engine\debug\mygl.obj
c:\computergraphics\2017q1.computergraphics.justinfurtado\assignments\lab01_shaderreboot\engine\debug\mywindow.obj
c:\computergraphics\2017q1.computergraphics.justinfurtado\assignments\lab01_shaderreboot\engine\debug\mywindow.moc.obj
c:\computergraphics\2017q1.computergraphics.justinfurtado\assignments\lab01_shaderreboot\engine\debug\perspective.obj
c:\computergraphics\2017q1.computergraphics.justinfurtado\assignments\lab01_shaderreboot\engine\debug\renderengine.obj
c:\computergraphics\2017q1.computergraphics.justinfurtado\assignments\lab01_shaderreboot\engine\debug\shaderprogram.obj
c:\computergraphics\2017q1.computergraphics.justinfurtado\assignments\lab01_shaderreboot\engine\debug\shapegenerator.obj
c:\computergraphics\2017q1.computergraphics.justinfurtado\assignments\lab01_shaderreboot\engine\debug\spatialcomponent.obj
c:\computergraphics\2017q1.computergraphics.justinfurtado\assignments\lab01_shaderreboot\engine\debug\spatialgrid.obj
c:\computergraphics\2017q1.computergraphics.justinfurtado\assignments\lab01_shaderreboot\engine\debug\stringfuncs.obj
c:\computergraphics\2017q1.computergraphics.justinfurtado\assignments\lab01_shaderreboot\engine\debug\textobject.obj
c:\computergraphics\2017q1.computergraphics.justinfurtado\assignments\lab01_shaderreboot\engine\debug\uniformdata.obj
c:\computergraphics\2017q1.computergraphics.justinfurtado\assignments\lab01_shaderreboot\engine\debug\vec2.obj
c:\computergraphics\2017q1.computergraphics.justinfurtado\assignments\lab01_shaderreboot\engine\debug\vec3.obj
c:\computergraphics\2017q1.computergraphics.justinfurtado\assignments\lab01_shaderreboot\engine\debug\vec4.obj
c:\computergraphics\2017q1.computergraphics.justinfurtado\assignments\lab01_shaderreboot\engine\debug\vertexformat.obj
c:\computergraphics\2017q1.computergraphics.justinfurtado\assignments\lab01_shaderreboot\engine\debug\buffergroup.obj
c:\computergraphics\2017q1.computergraphics.justinfurtado\assignments\lab01_shaderreboot\engine\debug\bufferinfo.obj
c:\computergraphics\2017q1.computergraphics.justinfurtado\assignments\lab01_shaderreboot\engine\debug\buffermanager.obj
c:\computergraphics\2017q1.computergraphics.justinfurtado\assignments\lab01_shaderreboot\engine\debug\camera.obj
c:\computergraphics\2017q1.computergraphics.justinfurtado\assignments\lab01_shaderreboot\engine\debug\chasecameracomponent.obj
c:\computergraphics\2017q1.computergraphics.justinfurtado\assignments\lab01_shaderreboot\engine\debug\chasecamera.obj
c:\computergraphics\2017q1.computergraphics.justinfurtado\assignments\lab01_shaderreboot\engine\debug\collisiontester.obj
c:\computergraphics\2017q1.computergraphics.justinfurtado\assignments\lab01_shaderreboot\engine\debug\component.obj
c:\computergraphics\2017q1.computergraphics.justinfurtado\assignments\lab01_shaderreboot\engine\debug\configreader.obj
c:\computergraphics\2017q1.computergraphics.justinfurtado\assignments\lab01_shaderreboot\engine\debug\entity.obj
c:\computergraphics\2017q1.computergraphics.justinfurtado\assignments\lab01_shaderreboot\engine\debug\gamelogger.obj
c:\computergraphics\2017q1.computergraphics.justinfurtado\assignments\lab01_shaderreboot\engine\debug\gametime.obj
c:\computergraphics\2017q1.computergraphics.justinfurtado\assignments\lab01_shaderreboot\engine\debug\graphicalobject.obj
c:\computergraphics\2017q1.computergraphics.justinfurtado\assignments\lab01_shaderreboot\engine\debug\graphicalobjectcomponent.obj
c:\computergraphics\2017q1.computergraphics.justinfurtado\assignments\lab01_shaderreboot\engine\debug\keyvaluepair.obj
c:\computergraphics\2017q1.computergraphics.justinfurtado\assignments\lab01_shaderreboot\engine\debug\keyvaluepairs.obj
c:\computergraphics\2017q1.computergraphics.justinfurtado\assignments\lab01_shaderreboot\engine\debug\mat2.obj
c:\computergraphics\2017q1.computergraphics.justinfurtado\assignments\lab01_shaderreboot\engine\debug\mat3.obj
c:\computergraphics\2017q1.computergraphics.justinfurtado\assignments\lab01_shaderreboot\engine\debug\mat4.obj
c:\computergraphics\2017q1.computergraphics.justinfurtado\assignments\lab01_shaderreboot\engine\debug\mathutility.obj
c:\computergraphics\2017q1.computergraphics.justinfurtado\assignments\lab01_shaderreboot\engine\debug\binarywriter.obj
c:\computergraphics\2017q1.computergraphics.justinfurtado\assignments\lab01_shaderreboot\engine\debug\bitmaploader.obj
c:\computergraphics\2017q1.computergraphics.justinfurtado\assignments\lab01_shaderreboot\debug\engine.lib
c:\computergraphics\2017q1.computergraphics.justinfurtado\assignments\lab01_shaderreboot\debug\engine.exp
c:\computergraphics\2017q1.computergraphics.justinfurtado\assignments\lab01_shaderreboot\debug\engine.ilk
c:\computergraphics\2017q1.computergraphics.justinfurtado\assignments\lab01_shaderreboot\debug\engine.dll
c:\computergraphics\2017q1.computergraphics.justinfurtado\assignments\lab01_shaderreboot\debug\engine.pdb
c:\computergraphics\2017q1.computergraphics.justinfurtado\assignments\lab01_shaderreboot\engine\debug\engine.tlog\cl.command.1.tlog
c:\computergraphics\2017q1.computergraphics.justinfurtado\assignments\lab01_shaderreboot\engine\debug\engine.tlog\cl.read.1.tlog
c:\computergraphics\2017q1.computergraphics.justinfurtado\assignments\lab01_shaderreboot\engine\debug\engine.tlog\cl.write.1.tlog
c:\computergraphics\2017q1.computergraphics.justinfurtado\assignments\lab01_shaderreboot\engine\debug\engine.tlog\engine.write.1u.tlog
c:\computergraphics\2017q1.computergraphics.justinfurtado\assignments\lab01_shaderreboot\engine\debug\engine.tlog\link.command.1.tlog
c:\computergraphics\2017q1.computergraphics.justinfurtado\assignments\lab01_shaderreboot\engine\debug\engine.tlog\link.read.1.tlog
c:\computergraphics\2017q1.computergraphics.justinfurtado\assignments\lab01_shaderreboot\engine\debug\engine.tlog\link.write.1.tlog
